<?xml version="1.0" encoding="UTF-8"?>
<testsuite xmlns:xsi="http://www.w3.org/2001/XMLSchema-instance" xsi:noNamespaceSchemaLocation="https://maven.apache.org/surefire/maven-surefire-plugin/xsd/surefire-test-report-3.0.xsd" version="3.0" name="domain.Testing" time="0.002" tests="0" errors="0" skipped="0" failures="0">
  <properties>
    <property name="java.specification.version" value="18"/>
    <property name="sun.jnu.encoding" value="UTF-8"/>
    <property name="java.class.path" value="/Users/abrahammunoz/git/valueProject/root/domain/target/test-classes:/Users/abrahammunoz/.m2/repository/com/squareup/okio/okio-jvm/3.0.0/okio-jvm-3.0.0.jar:/Users/abrahammunoz/.m2/repository/org/jetbrains/kotlin/kotlin-stdlib-jdk8/1.5.31/kotlin-stdlib-jdk8-1.5.31.jar:/Users/abrahammunoz/.m2/repository/org/jetbrains/kotlin/kotlin-stdlib-jdk7/1.5.31/kotlin-stdlib-jdk7-1.5.31.jar:/Users/abrahammunoz/.m2/repository/org/jetbrains/kotlin/kotlin-stdlib-common/1.5.31/kotlin-stdlib-common-1.5.31.jar:/Users/abrahammunoz/.m2/repository/org/jetbrains/kotlin/kotlin-stdlib/1.6.20/kotlin-stdlib-1.6.20.jar:/Users/abrahammunoz/.m2/repository/org/jetbrains/annotations/13.0/annotations-13.0.jar:/Users/abrahammunoz/.m2/repository/org/apache/maven/scm/maven-scm-provider-gitexe/2.0.1/maven-scm-provider-gitexe-2.0.1.jar:/Users/abrahammunoz/.m2/repository/javax/inject/javax.inject/1/javax.inject-1.jar:/Users/abrahammunoz/.m2/repository/org/slf4j/slf4j-api/1.7.36/slf4j-api-1.7.36.jar:/Users/abrahammunoz/.m2/repository/commons-io/commons-io/2.11.0/commons-io-2.11.0.jar:/Users/abrahammunoz/.m2/repository/org/apache/commons/commons-text/1.10.0/commons-text-1.10.0.jar:/Users/abrahammunoz/.m2/repository/org/apache/commons/commons-lang3/3.12.0/commons-lang3-3.12.0.jar:/Users/abrahammunoz/.m2/repository/org/codehaus/plexus/plexus-utils/3.5.1/plexus-utils-3.5.1.jar:/Users/abrahammunoz/.m2/repository/org/apache/maven/scm/maven-scm-provider-git-commons/2.0.1/maven-scm-provider-git-commons-2.0.1.jar:/Users/abrahammunoz/.m2/repository/org/apache/maven/scm/maven-scm-api/2.0.1/maven-scm-api-2.0.1.jar:"/>
    <property name="java.vm.vendor" value="Oracle Corporation"/>
    <property name="sun.arch.data.model" value="64"/>
    <property name="java.vendor.url" value="https://java.oracle.com/"/>
    <property name="os.name" value="Mac OS X"/>
    <property name="java.vm.specification.version" value="18"/>
    <property name="sun.java.launcher" value="SUN_STANDARD"/>
    <property name="user.country" value="US"/>
    <property name="sun.boot.library.path" value="/Library/Java/JavaVirtualMachines/jdk-18.jdk/Contents/Home/lib"/>
    <property name="sun.java.command" value="org.apache.maven.surefire.booter.ForkedBooter /Users/abrahammunoz/git/valueProject/root/domain/target/surefire 2023-10-20T10-36-57_298-jvmRun1 surefire12617245732682464762tmp surefire_07527768915631808849tmp"/>
    <property name="http.nonProxyHosts" value="local|*.local|169.254/16|*.169.254/16"/>
    <property name="jdk.debug" value="release"/>
    <property name="surefire.test.class.path" value="/Users/abrahammunoz/git/valueProject/root/domain/target/test-classes:/Users/abrahammunoz/.m2/repository/com/squareup/okio/okio-jvm/3.0.0/okio-jvm-3.0.0.jar:/Users/abrahammunoz/.m2/repository/org/jetbrains/kotlin/kotlin-stdlib-jdk8/1.5.31/kotlin-stdlib-jdk8-1.5.31.jar:/Users/abrahammunoz/.m2/repository/org/jetbrains/kotlin/kotlin-stdlib-jdk7/1.5.31/kotlin-stdlib-jdk7-1.5.31.jar:/Users/abrahammunoz/.m2/repository/org/jetbrains/kotlin/kotlin-stdlib-common/1.5.31/kotlin-stdlib-common-1.5.31.jar:/Users/abrahammunoz/.m2/repository/org/jetbrains/kotlin/kotlin-stdlib/1.6.20/kotlin-stdlib-1.6.20.jar:/Users/abrahammunoz/.m2/repository/org/jetbrains/annotations/13.0/annotations-13.0.jar:/Users/abrahammunoz/.m2/repository/org/apache/maven/scm/maven-scm-provider-gitexe/2.0.1/maven-scm-provider-gitexe-2.0.1.jar:/Users/abrahammunoz/.m2/repository/javax/inject/javax.inject/1/javax.inject-1.jar:/Users/abrahammunoz/.m2/repository/org/slf4j/slf4j-api/1.7.36/slf4j-api-1.7.36.jar:/Users/abrahammunoz/.m2/repository/commons-io/commons-io/2.11.0/commons-io-2.11.0.jar:/Users/abrahammunoz/.m2/repository/org/apache/commons/commons-text/1.10.0/commons-text-1.10.0.jar:/Users/abrahammunoz/.m2/repository/org/apache/commons/commons-lang3/3.12.0/commons-lang3-3.12.0.jar:/Users/abrahammunoz/.m2/repository/org/codehaus/plexus/plexus-utils/3.5.1/plexus-utils-3.5.1.jar:/Users/abrahammunoz/.m2/repository/org/apache/maven/scm/maven-scm-provider-git-commons/2.0.1/maven-scm-provider-git-commons-2.0.1.jar:/Users/abrahammunoz/.m2/repository/org/apache/maven/scm/maven-scm-api/2.0.1/maven-scm-api-2.0.1.jar:"/>
    <property name="sun.cpu.endian" value="little"/>
    <property name="user.home" value="/Users/abrahammunoz"/>
    <property name="user.language" value="en"/>
    <property name="java.specification.vendor" value="Oracle Corporation"/>
    <property name="jdk.module.path" value="/Users/abrahammunoz/git/valueProject/root/domain/target/classes:/Users/abrahammunoz/.m2/repository/com/squareup/okhttp3/okhttp/4.10.0/okhttp-4.10.0.jar"/>
    <property name="java.version.date" value="2022-03-22"/>
    <property name="java.home" value="/Library/Java/JavaVirtualMachines/jdk-18.jdk/Contents/Home"/>
    <property name="file.separator" value="/"/>
    <property name="basedir" value="/Users/abrahammunoz/git/valueProject/root/domain"/>
    <property name="style.color" value="always"/>
    <property name="java.vm.compressedOopsMode" value="Zero based"/>
    <property name="line.separator" value="&#10;"/>
    <property name="java.vm.specification.vendor" value="Oracle Corporation"/>
    <property name="java.specification.name" value="Java Platform API Specification"/>
    <property name="apple.awt.application.name" value="ForkedBooter"/>
    <property name="surefire.real.class.path" value="/Users/abrahammunoz/.m2/repository/org/apache/maven/surefire/surefire-booter/3.0.0-M5/surefire-booter-3.0.0-M5.jar:/Users/abrahammunoz/.m2/repository/org/apache/maven/surefire/surefire-api/3.0.0-M5/surefire-api-3.0.0-M5.jar:/Users/abrahammunoz/.m2/repository/org/apache/maven/surefire/surefire-logger-api/3.0.0-M5/surefire-logger-api-3.0.0-M5.jar:/Users/abrahammunoz/.m2/repository/org/apache/maven/surefire/surefire-shared-utils/3.0.0-M4/surefire-shared-utils-3.0.0-M4.jar:/Users/abrahammunoz/.m2/repository/org/apache/maven/surefire/surefire-extensions-spi/3.0.0-M5/surefire-extensions-spi-3.0.0-M5.jar:/Users/abrahammunoz/git/valueProject/root/domain/target/test-classes:/Users/abrahammunoz/.m2/repository/com/squareup/okio/okio-jvm/3.0.0/okio-jvm-3.0.0.jar:/Users/abrahammunoz/.m2/repository/org/jetbrains/kotlin/kotlin-stdlib-jdk8/1.5.31/kotlin-stdlib-jdk8-1.5.31.jar:/Users/abrahammunoz/.m2/repository/org/jetbrains/kotlin/kotlin-stdlib-jdk7/1.5.31/kotlin-stdlib-jdk7-1.5.31.jar:/Users/abrahammunoz/.m2/repository/org/jetbrains/kotlin/kotlin-stdlib-common/1.5.31/kotlin-stdlib-common-1.5.31.jar:/Users/abrahammunoz/.m2/repository/org/jetbrains/kotlin/kotlin-stdlib/1.6.20/kotlin-stdlib-1.6.20.jar:/Users/abrahammunoz/.m2/repository/org/jetbrains/annotations/13.0/annotations-13.0.jar:/Users/abrahammunoz/.m2/repository/org/apache/maven/scm/maven-scm-provider-gitexe/2.0.1/maven-scm-provider-gitexe-2.0.1.jar:/Users/abrahammunoz/.m2/repository/javax/inject/javax.inject/1/javax.inject-1.jar:/Users/abrahammunoz/.m2/repository/org/slf4j/slf4j-api/1.7.36/slf4j-api-1.7.36.jar:/Users/abrahammunoz/.m2/repository/commons-io/commons-io/2.11.0/commons-io-2.11.0.jar:/Users/abrahammunoz/.m2/repository/org/apache/commons/commons-text/1.10.0/commons-text-1.10.0.jar:/Users/abrahammunoz/.m2/repository/org/apache/commons/commons-lang3/3.12.0/commons-lang3-3.12.0.jar:/Users/abrahammunoz/.m2/repository/org/codehaus/plexus/plexus-utils/3.5.1/plexus-utils-3.5.1.jar:/Users/abrahammunoz/.m2/repository/org/apache/maven/scm/maven-scm-provider-git-commons/2.0.1/maven-scm-provider-git-commons-2.0.1.jar:/Users/abrahammunoz/.m2/repository/org/apache/maven/scm/maven-scm-api/2.0.1/maven-scm-api-2.0.1.jar:/Users/abrahammunoz/.m2/repository/org/apache/maven/surefire/surefire-junit3/3.0.0-M5/surefire-junit3-3.0.0-M5.jar:/Users/abrahammunoz/.m2/repository/org/apache/maven/surefire/common-junit3/3.0.0-M5/common-junit3-3.0.0-M5.jar"/>
    <property name="sun.management.compiler" value="HotSpot 64-Bit Tiered Compilers"/>
    <property name="ftp.nonProxyHosts" value="local|*.local|169.254/16|*.169.254/16"/>
    <property name="java.runtime.version" value="18+36-2087"/>
    <property name="user.name" value="abrahammunoz"/>
    <property name="path.separator" value=":"/>
    <property name="os.version" value="12.4"/>
    <property name="java.runtime.name" value="Java(TM) SE Runtime Environment"/>
    <property name="file.encoding" value="UTF-8"/>
    <property name="java.vm.name" value="Java HotSpot(TM) 64-Bit Server VM"/>
    <property name="localRepository" value="/Users/abrahammunoz/.m2/repository"/>
    <property name="java.vendor.url.bug" value="https://bugreport.java.com/bugreport/"/>
    <property name="java.io.tmpdir" value="/var/folders/1t/mczyq9fj2lb477zrv1fx44t00000gn/T/"/>
    <property name="java.version" value="18"/>
    <property name="user.dir" value="/Users/abrahammunoz/git/valueProject/root/domain"/>
    <property name="os.arch" value="aarch64"/>
    <property name="java.vm.specification.name" value="Java Virtual Machine Specification"/>
    <property name="native.encoding" value="UTF-8"/>
    <property name="java.library.path" value="/Users/abrahammunoz/Library/Java/Extensions:/Library/Java/Extensions:/Network/Library/Java/Extensions:/System/Library/Java/Extensions:/usr/lib/java:."/>
    <property name="java.vm.info" value="mixed mode"/>
    <property name="java.vendor" value="Oracle Corporation"/>
    <property name="java.vm.version" value="18+36-2087"/>
    <property name="sun.io.unicode.encoding" value="UnicodeBig"/>
    <property name="socksNonProxyHosts" value="local|*.local|169.254/16|*.169.254/16"/>
    <property name="java.class.version" value="62.0"/>
  </properties>
</testsuite>